<?xml version="1.0" encoding="UTF-8"?>
<!-- Generated by org.testng.reporters.JUnitReportReporter -->
<testsuite hostname="Joys-MBP" failures="0" tests="1" name="TestRunner" time="5.722" errors="0" timestamp="2023-03-12T12:01:40 EDT" skipped="0">
  <testcase classname="TestRunner" name="runScenario" time="5.722"/>
  <system-out/>
</testsuite> <!-- TestRunner -->
