<?xml version="1.0" encoding="UTF-8"?>
<!-- Generated by org.testng.reporters.JUnitReportReporter -->
<testsuite hostname="Joys-MBP" failures="0" tests="1" name="TestRunner" time="7.354" errors="0" timestamp="2023-03-26T12:04:20 EDT" skipped="0">
  <testcase classname="TestRunner" name="runScenario" time="7.354"/>
  <system-out/>
</testsuite> <!-- TestRunner -->
